<?xml version="1.0" encoding="UTF-8"?>
<!-- Generated by org.testng.reporters.JUnitReportReporter -->
<testsuite skipped="0" hostname="DESKTOP-O3TFLBK" name="testNG.Demo" tests="1" failures="0" timestamp="2020-09-21T18:09:43 IST" time="0.001" errors="0">
  <testcase name="run" time="0.001" classname="testNG.Demo"/>
  <system-out>
Iam printing only in reports!!! iam gonna print in both report and also on console Iam run method in Demo class  </system-out>
</testsuite> <!-- testNG.Demo -->
