<?xml version="1.0" encoding="UTF-8"?>
<!-- Generated by org.testng.reporters.JUnitReportReporter -->
<testsuite skipped="0" hostname="DESKTOP-O3TFLBK" name="testNG.FlipkartTest" tests="1" failures="0" timestamp="2020-09-17T16:29:03 IST" time="11.100" errors="0">
  <testcase name="addingToCart" time="11.100" classname="testNG.FlipkartTest"/>
  <system-out/>
</testsuite> <!-- testNG.FlipkartTest -->
