<?xml version="1.0" encoding="UTF-8"?>
<!-- Generated by org.testng.reporters.JUnitReportReporter -->
<testsuite skipped="0" hostname="DESKTOP-O3TFLBK" name="testNG.FlipkartGeneric" tests="1" failures="0" timestamp="2020-09-17T15:09:37 IST" time="0.208" errors="0">
  <testcase name="somename" time="0.208" classname="testNG.FlipkartGeneric"/>
  <system-out/>
</testsuite> <!-- testNG.FlipkartGeneric -->
