<?xml version="1.0" encoding="UTF-8"?>
<!-- Generated by org.testng.reporters.JUnitReportReporter -->
<testsuite skipped="0" hostname="DESKTOP-O3TFLBK" name="testNG.remo" tests="1" failures="0" timestamp="2020-09-21T18:09:43 IST" time="0.009" errors="0">
  <testcase name="regina" time="0.009" classname="testNG.remo"/>
  <system-out>
Regina Casandra  </system-out>
</testsuite> <!-- testNG.remo -->
