<?xml version="1.0" encoding="UTF-8"?>
<!-- Generated by org.testng.reporters.JUnitReportReporter -->
<testsuite skipped="0" hostname="DESKTOP-O3TFLBK" name="testNG.PriorityFlagExample" tests="4" failures="0" timestamp="2020-09-21T18:38:30 IST" time="0.009" errors="0">
  <testcase name="rsndommethod" time="0.007" classname="testNG.PriorityFlagExample"/>
  <system-out>
will i execute  </system-out>
  <testcase name="run" time="0.001" classname="testNG.PriorityFlagExample"/>
  <system-out>
iam run method in priority example  </system-out>
  <testcase name="vun" time="0.000" classname="testNG.PriorityFlagExample"/>
  <system-out>
run method in priority example  </system-out>
  <testcase name="sun" time="0.001" classname="testNG.PriorityFlagExample"/>
  <system-out>
iam sun method in priority example  </system-out>
</testsuite> <!-- testNG.PriorityFlagExample -->
